<?xml version="1.0" encoding="UTF-8"?>
<!-- Generated by org.testng.reporters.JUnitReportReporter -->
<testsuite hostname="Anshul-Laptop" failures="0" tests="2" name="TestPages.LoginpageTest" time="74.126" errors="0" timestamp="2024-01-10T13:13:22 IST" skipped="0">
  <testcase classname="TestPages.LoginpageTest" name="LoginUser" time="55.726"/>
  <system-out/>
  <testcase classname="TestPages.LoginpageTest" name="LoginUser" time="18.400"/>
  <system-out/>
</testsuite> <!-- TestPages.LoginpageTest -->
