<?xml version="1.0" encoding="UTF-8"?>
<!-- Generated by org.testng.reporters.JUnitReportReporter -->
<testsuite hostname="Anshul-Laptop" failures="0" tests="2" name="TestPages.Homepagetest" time="9.940" errors="0" timestamp="2024-01-08T19:11:56 IST" skipped="0">
  <testcase classname="TestPages.Homepagetest" name="clickOnRegisterPage" time="4.966"/>
  <system-out/>
  <testcase classname="TestPages.Homepagetest" name="clickOnLogin" time="4.974"/>
  <system-out/>
</testsuite> <!-- TestPages.Homepagetest -->
